0 info it worked if it ends with ok
1 verbose cli [ 'C:\\Program Files\\nodejs\\node.exe',
1 verbose cli   'C:\\Program Files\\nodejs\\node_modules\\npm\\bin\\npm-cli.js',
1 verbose cli   'install',
1 verbose cli   '--',
1 verbose cli   'save',
1 verbose cli   '-g',
1 verbose cli   'mocha' ]
2 info using npm@4.0.5
3 info using node@v7.4.0
4 silly loadCurrentTree Starting
5 silly install loadCurrentTree
6 silly install readLocalPackageData
7 silly fetchPackageMetaData save
8 silly fetchPackageMetaData -g
9 silly fetchPackageMetaData mocha
10 silly fetchNamedPackageData save
11 silly mapToRegistry name save
12 silly mapToRegistry using default registry
13 silly mapToRegistry registry https://registry.npmjs.org/
14 silly mapToRegistry data Result {
14 silly mapToRegistry   raw: 'save',
14 silly mapToRegistry   scope: null,
14 silly mapToRegistry   escapedName: 'save',
14 silly mapToRegistry   name: 'save',
14 silly mapToRegistry   rawSpec: '',
14 silly mapToRegistry   spec: 'latest',
14 silly mapToRegistry   type: 'tag' }
15 silly mapToRegistry uri https://registry.npmjs.org/save
16 silly fetchOtherPackageData -g
17 silly cache add args [ '-g', null ]
18 verbose cache add spec -g
19 silly fetchNamedPackageData mocha
20 silly mapToRegistry name mocha
21 silly mapToRegistry using default registry
22 silly mapToRegistry registry https://registry.npmjs.org/
23 silly mapToRegistry data Result {
23 silly mapToRegistry   raw: 'mocha',
23 silly mapToRegistry   scope: null,
23 silly mapToRegistry   escapedName: 'mocha',
23 silly mapToRegistry   name: 'mocha',
23 silly mapToRegistry   rawSpec: '',
23 silly mapToRegistry   spec: 'latest',
23 silly mapToRegistry   type: 'tag' }
24 silly mapToRegistry uri https://registry.npmjs.org/mocha
25 silly cache add parsed spec Result {
25 silly cache add   raw: '-g',
25 silly cache add   scope: null,
25 silly cache add   escapedName: null,
25 silly cache add   name: null,
25 silly cache add   rawSpec: '-g',
25 silly cache add   spec: 'C:\\Bachelor\\Smarthouse\\-g',
25 silly cache add   type: 'local' }
26 error addLocal Could not install C:\Bachelor\Smarthouse\-g
27 silly fetchPackageMetaData Error: ENOENT: no such file or directory, open 'C:\Bachelor\Smarthouse\-g'
27 silly fetchPackageMetaData  error for -g { Error: ENOENT: no such file or directory, open 'C:\Bachelor\Smarthouse\-g'
27 silly fetchPackageMetaData   errno: -4058,
27 silly fetchPackageMetaData   code: 'ENOENT',
27 silly fetchPackageMetaData   syscall: 'open',
27 silly fetchPackageMetaData   path: 'C:\\Bachelor\\Smarthouse\\-g' }
28 verbose request uri https://registry.npmjs.org/save
29 verbose request no auth needed
30 info attempt registry request try #1 at 17:06:07
31 verbose request id f5d245dc87aa16d9
32 verbose etag W/"5803c863-913a"
33 verbose lastModified Sun, 16 Oct 2016 18:35:15 GMT
34 http request GET https://registry.npmjs.org/save
35 verbose request uri https://registry.npmjs.org/mocha
36 verbose request no auth needed
37 info attempt registry request try #1 at 17:06:07
38 verbose etag W/"5917f2ac-9ae2b"
39 verbose lastModified Sun, 14 May 2017 06:01:16 GMT
40 http request GET https://registry.npmjs.org/mocha
41 http 304 https://registry.npmjs.org/mocha
42 verbose headers { date: 'Sun, 14 May 2017 15:06:01 GMT',
42 verbose headers   via: '1.1 varnish',
42 verbose headers   'cache-control': 'max-age=300',
42 verbose headers   etag: 'W/"5917f2ac-9ae2b"',
42 verbose headers   age: '44',
42 verbose headers   connection: 'keep-alive',
42 verbose headers   'x-served-by': 'cache-bma7032-BMA',
42 verbose headers   'x-cache': 'HIT',
42 verbose headers   'x-cache-hits': '1',
42 verbose headers   'x-timer': 'S1494774361.494625,VS0,VE1',
42 verbose headers   vary: 'Accept-Encoding' }
43 silly get cb [ 304,
43 silly get   { date: 'Sun, 14 May 2017 15:06:01 GMT',
43 silly get     via: '1.1 varnish',
43 silly get     'cache-control': 'max-age=300',
43 silly get     etag: 'W/"5917f2ac-9ae2b"',
43 silly get     age: '44',
43 silly get     connection: 'keep-alive',
43 silly get     'x-served-by': 'cache-bma7032-BMA',
43 silly get     'x-cache': 'HIT',
43 silly get     'x-cache-hits': '1',
43 silly get     'x-timer': 'S1494774361.494625,VS0,VE1',
43 silly get     vary: 'Accept-Encoding' } ]
44 verbose etag https://registry.npmjs.org/mocha from cache
45 verbose get saving mocha to C:\Users\Anbor\AppData\Roaming\npm-cache\registry.npmjs.org\mocha\.cache.json
46 verbose correctMkdir C:\Users\Anbor\AppData\Roaming\npm-cache correctMkdir not in flight; initializing
47 http 304 https://registry.npmjs.org/save
48 verbose headers { date: 'Sun, 14 May 2017 15:06:01 GMT',
48 verbose headers   via: '1.1 varnish',
48 verbose headers   'cache-control': 'max-age=300',
48 verbose headers   etag: 'W/"5803c863-913a"',
48 verbose headers   age: '148',
48 verbose headers   connection: 'keep-alive',
48 verbose headers   'x-served-by': 'cache-bma7023-BMA',
48 verbose headers   'x-cache': 'HIT',
48 verbose headers   'x-cache-hits': '1',
48 verbose headers   'x-timer': 'S1494774361.496632,VS0,VE1',
48 verbose headers   vary: 'Accept-Encoding' }
49 silly get cb [ 304,
49 silly get   { date: 'Sun, 14 May 2017 15:06:01 GMT',
49 silly get     via: '1.1 varnish',
49 silly get     'cache-control': 'max-age=300',
49 silly get     etag: 'W/"5803c863-913a"',
49 silly get     age: '148',
49 silly get     connection: 'keep-alive',
49 silly get     'x-served-by': 'cache-bma7023-BMA',
49 silly get     'x-cache': 'HIT',
49 silly get     'x-cache-hits': '1',
49 silly get     'x-timer': 'S1494774361.496632,VS0,VE1',
49 silly get     vary: 'Accept-Encoding' } ]
50 verbose etag https://registry.npmjs.org/save from cache
51 verbose get saving save to C:\Users\Anbor\AppData\Roaming\npm-cache\registry.npmjs.org\save\.cache.json
52 verbose correctMkdir C:\Users\Anbor\AppData\Roaming\npm-cache correctMkdir already in flight; waiting
53 silly rollbackFailedOptional Starting
54 silly rollbackFailedOptional Finishing
55 silly runTopLevelLifecycles Finishing
56 silly install printInstalled
57 verbose stack Error: ENOENT: no such file or directory, open 'C:\Bachelor\Smarthouse\-g'
58 verbose cwd C:\Bachelor\Smarthouse
59 error Windows_NT 10.0.14393
60 error argv "C:\\Program Files\\nodejs\\node.exe" "C:\\Program Files\\nodejs\\node_modules\\npm\\bin\\npm-cli.js" "install" "--" "save" "-g" "mocha"
61 error node v7.4.0
62 error npm  v4.0.5
63 error path C:\Bachelor\Smarthouse\-g
64 error code ENOENT
65 error errno -4058
66 error syscall open
67 error enoent ENOENT: no such file or directory, open 'C:\Bachelor\Smarthouse\-g'
68 error enoent ENOENT: no such file or directory, open 'C:\Bachelor\Smarthouse\-g'
68 error enoent This is most likely not a problem with npm itself
68 error enoent and is related to npm not being able to find a file.
69 verbose exit [ -4058, true ]
